Build started 10/15/2015 3:42:22 PM.
     1>Project "C:\Users\Jim\Desktop\school\Git-Repo\Assignment 3\NYUCodebase\NYUCodebase.vcxproj" on node 2 (Build target(s)).
     1>ClCompile:
         C:\Program Files (x86)\Microsoft Visual Studio 12.0\VC\bin\CL.exe /c /IC:\SDL2\include /IC:\SDL2_image\include /IC:\glew\include /IC:\SDL2_mixer\include /ZI /nologo /W3 /WX- /sdl /Od /Oy- /D _WINDOWS /D _MBCS /D _MBCS /Gm /EHsc /RTC1 /MDd /GS /fp:precise /Zc:wchar_t /Zc:forScope /Fo"Debug\\" /Fd"Debug\vc120.pdb" /Gd /TP /analyze- /errorReport:prompt main.cpp
         main.cpp
     1>c:\users\jim\desktop\school\git-repo\assignment 3\nyucodebase\main.cpp(55): warning C4018: '<' : signed/unsigned mismatch
     1>c:\users\jim\desktop\school\git-repo\assignment 3\nyucodebase\main.cpp(216): warning C4018: '<' : signed/unsigned mismatch
     1>c:\users\jim\desktop\school\git-repo\assignment 3\nyucodebase\main.cpp(223): warning C4018: '<' : signed/unsigned mismatch
     1>c:\users\jim\desktop\school\git-repo\assignment 3\nyucodebase\main.cpp(241): warning C4018: '<' : signed/unsigned mismatch
     1>c:\users\jim\desktop\school\git-repo\assignment 3\nyucodebase\main.cpp(248): warning C4018: '<' : signed/unsigned mismatch
       Link:
         C:\Program Files (x86)\Microsoft Visual Studio 12.0\VC\bin\link.exe /ERRORREPORT:PROMPT /OUT:"C:\Users\Jim\Desktop\school\Git-Repo\Assignment 3\Debug\NYUCodebase.exe" /INCREMENTAL /NOLOGO /LIBPATH:C:\SDL2_mixer\lib\x86 /LIBPATH:C:\SDL2\lib\x86 /LIBPATH:C:\SDL2_image\lib\x86 /LIBPATH:C:\glew\lib\Release\Win32 SDL2.lib SDL2_mixer.lib glew32.lib SDL2main.lib SDL2_image.lib OpenGL32.lib /MANIFEST /MANIFESTUAC:"level='asInvoker' uiAccess='false'" /manifest:embed /DEBUG /PDB:"C:\Users\Jim\Desktop\school\Git-Repo\Assignment 3\Debug\NYUCodebase.pdb" /SUBSYSTEM:WINDOWS /TLBID:1 /DYNAMICBASE /NXCOMPAT /IMPLIB:"C:\Users\Jim\Desktop\school\Git-Repo\Assignment 3\Debug\NYUCodebase.lib" /MACHINE:X86 Debug\main.obj
         Debug\Matrix.obj
         Debug\ShaderProgram.obj
         Debug\Entity.obj
         Debug\Ship.obj
         Debug\Bullet.obj
         Debug\Tank.obj
         NYUCodebase.vcxproj -> C:\Users\Jim\Desktop\school\Git-Repo\Assignment 3\Debug\NYUCodebase.exe
     1>Done Building Project "C:\Users\Jim\Desktop\school\Git-Repo\Assignment 3\NYUCodebase\NYUCodebase.vcxproj" (Build target(s)).

Build succeeded.

Time Elapsed 00:00:00.85
