  Bar.cpp
Bar.cpp(48): warning C4244: 'initializing': conversion from 'double' to 'float', possible loss of data
Bar.cpp(49): warning C4244: 'initializing': conversion from 'double' to 'float', possible loss of data
Bar.cpp(82): warning C4267: 'argument': conversion from 'size_t' to 'GLsizei', possible loss of data
  DustEmitter.cpp
DustEmitter.cpp(16): error C2065: 'p': undeclared identifier
DustEmitter.cpp(16): error C2227: left of '->sprite' must point to class/struct/union/generic type
  DustEmitter.cpp(16): note: type is 'unknown-type'
DustEmitter.cpp(25): warning C4244: '=': conversion from 'double' to 'float', possible loss of data
DustEmitter.cpp(26): warning C4244: '=': conversion from 'double' to 'float', possible loss of data
DustEmitter.cpp(75): warning C4267: 'argument': conversion from 'size_t' to 'GLsizei', possible loss of data
  Enemy.cpp
c:\users\jim\documents\git-repo\coherence\nyucodebase\Enemy.h(45): warning C4305: 'initializing': truncation from 'double' to 'float'
Enemy.cpp(51): warning C4305: 'argument': truncation from 'double' to 'const float'
Enemy.cpp(166): warning C4305: 'argument': truncation from 'double' to 'float'
  Entity.cpp
Entity.cpp(119): warning C4244: 'initializing': conversion from 'double' to 'float', possible loss of data
Entity.cpp(120): warning C4244: 'initializing': conversion from 'double' to 'float', possible loss of data
  Game.cpp
c:\users\jim\documents\git-repo\coherence\nyucodebase\Enemy.h(45): warning C4305: 'initializing': truncation from 'double' to 'float'
Game.cpp(176): warning C4305: 'argument': truncation from 'double' to 'float'
Game.cpp(199): warning C4244: 'initializing': conversion from 'double' to 'float', possible loss of data
Game.cpp(200): warning C4244: 'initializing': conversion from 'float' to 'int', possible loss of data
Game.cpp(470): warning C4244: 'initializing': conversion from 'double' to 'float', possible loss of data
Game.cpp(471): warning C4244: 'initializing': conversion from 'double' to 'float', possible loss of data
