c:\users\jim\documents\git-repo\coherence\nyucodebase\x64\debug\vc141.pdb
c:\users\jim\documents\git-repo\coherence\nyucodebase\x64\debug\vc141.idb
c:\users\jim\documents\git-repo\coherence\nyucodebase\x64\debug\enemy.obj
c:\users\jim\documents\git-repo\coherence\nyucodebase\x64\debug\game.obj
c:\users\jim\documents\git-repo\coherence\nyucodebase\x64\debug\gui.obj
c:\users\jim\documents\git-repo\coherence\nyucodebase\x64\debug\keystack.obj
c:\users\jim\documents\git-repo\coherence\nyucodebase\x64\debug\matrix.obj
c:\users\jim\documents\git-repo\coherence\nyucodebase\x64\debug\menu.obj
c:\users\jim\documents\git-repo\coherence\nyucodebase\x64\debug\msgbox.obj
c:\users\jim\documents\git-repo\coherence\nyucodebase\x64\debug\particle.obj
c:\users\jim\documents\git-repo\coherence\nyucodebase\x64\debug\particleemitter.obj
c:\users\jim\documents\git-repo\coherence\nyucodebase\x64\debug\projectile.obj
c:\users\jim\documents\git-repo\coherence\nyucodebase\x64\debug\shaderprogram.obj
c:\users\jim\documents\git-repo\coherence\nyucodebase\x64\debug\hook.obj
c:\users\jim\documents\git-repo\coherence\nyucodebase\x64\debug\sprite.obj
c:\users\jim\documents\git-repo\coherence\nyucodebase\x64\debug\textdisplay.obj
c:\users\jim\documents\git-repo\coherence\nyucodebase\x64\debug\util.obj
c:\users\jim\documents\git-repo\coherence\nyucodebase\x64\debug\vector.obj
c:\users\jim\documents\git-repo\coherence\nyucodebase\x64\debug\weapon.obj
c:\users\jim\documents\git-repo\coherence\nyucodebase\x64\debug\animation.obj
c:\users\jim\documents\git-repo\coherence\nyucodebase\x64\debug\bar.obj
c:\users\jim\documents\git-repo\coherence\nyucodebase\x64\debug\compass.obj
c:\users\jim\documents\git-repo\coherence\nyucodebase\x64\debug\entity.obj
c:\users\jim\documents\git-repo\coherence\nyucodebase\x64\debug\dustemitter.obj
c:\users\jim\documents\git-repo\coherence\nyucodebase\x64\debug\main.obj
c:\users\jim\documents\git-repo\coherence\nyucodebase\x64\debug\player.obj
c:\users\jim\documents\git-repo\coherence\nyucodebase\x64\debug\cluster.obj
c:\users\jim\documents\git-repo\coherence\nyucodebase\x64\debug\planet.obj
c:\users\jim\documents\git-repo\coherence\nyucodebase\x64\debug\roller.obj
c:\users\jim\documents\git-repo\coherence\x64\debug\coherence.pdb
c:\users\jim\documents\git-repo\coherence\nyucodebase\x64\debug\coherence.tlog\cl.command.1.tlog
c:\users\jim\documents\git-repo\coherence\nyucodebase\x64\debug\coherence.tlog\cl.read.1.tlog
c:\users\jim\documents\git-repo\coherence\nyucodebase\x64\debug\coherence.tlog\cl.write.1.tlog
c:\users\jim\documents\git-repo\coherence\nyucodebase\x64\debug\coherence.tlog\link-cvtres.read.1.tlog
c:\users\jim\documents\git-repo\coherence\nyucodebase\x64\debug\coherence.tlog\link-cvtres.write.1.tlog
c:\users\jim\documents\git-repo\coherence\nyucodebase\x64\debug\coherence.tlog\link-rc.read.1.tlog
c:\users\jim\documents\git-repo\coherence\nyucodebase\x64\debug\coherence.tlog\link-rc.write.1.tlog
c:\users\jim\documents\git-repo\coherence\nyucodebase\x64\debug\coherence.tlog\link.command.1.tlog
c:\users\jim\documents\git-repo\coherence\nyucodebase\x64\debug\coherence.tlog\link.read.1.tlog
c:\users\jim\documents\git-repo\coherence\nyucodebase\x64\debug\coherence.tlog\link.write.1.tlog
